
    Raman off-resonant activity calculator,
    using VASP as a back-end.

    Contributors: Alexandr Fonari  (Georgia Tech)
                  Shannon Stauffer (UT Austin)
    MIT License, 2013
    URL: http://raman-sc.github.io
    Started at: 2023-12-29 16:08

[__main__]: VASP_RAMAN_RUN='mpirun -hostfile /var/spool/pbs/aux/9039.salpeter-00 -np 16 vasp_std > log.out'
[__main__]: VASP_RAMAN_PARAMS='01_3_2_0.01'
[[1.1472492972237114, 0.6623646905797278, 7.651549663140144], [8.326672684688674e-15, 1.3247293811594416, 8.348450336859855]]

[__main__]: Mode #1: frequency 1076.8656970 cm-1; norm:  0.2672510
[__main__]: File OUTCAR.0001.-1.out not found, preparing displaced POSCAR
[__main__]: Running VASP...
[__main__]: File OUTCAR.0001.+1.out not found, preparing displaced POSCAR
[__main__]: Running VASP...

!    1  freq: 1076.86570  alpha:  2.0587125  beta2:  8.9643436  activity: 253.4737831 

[__main__]: Mode #2: frequency 980.5416970 cm-1; norm:  0.2672516
[__main__]: File OUTCAR.0002.-1.out not found, preparing displaced POSCAR
[__main__]: Running VASP...
[__main__]: File OUTCAR.0002.+1.out not found, preparing displaced POSCAR
[__main__]: Running VASP...

!    2  freq:  980.54170  alpha:  0.0012412  beta2: 14.7655743  activity: 103.3590892 

[__main__]: Mode #3: frequency 980.5416970 cm-1; norm:  0.2672516
[__main__]: File OUTCAR.0003.-1.out not found, preparing displaced POSCAR
[__main__]: Running VASP...
[__main__]: File OUTCAR.0003.+1.out not found, preparing displaced POSCAR
[__main__]: Running VASP...

!    3  freq:  980.54170  alpha: -0.0015256  beta2: 14.7643408  activity: 103.3504905 
